[2024-02-13 09:35:42,886] multiqc                                            [DEBUG  ]  This is MultiQC v1.19
[2024-02-13 09:35:42,886] multiqc                                            [DEBUG  ]  Command used: /home/deeksha/miniconda3/envs/rnaseq/bin/multiqc -d .
[2024-02-13 09:35:43,849] multiqc                                            [DEBUG  ]  Latest MultiQC version is v1.19
[2024-02-13 09:35:43,849] multiqc                                            [DEBUG  ]  Working dir : /mnt/c/Users/deeks/OneDrive/Desktop/lab_dataset
[2024-02-13 09:35:43,849] multiqc                                            [DEBUG  ]  Template    : default
[2024-02-13 09:35:43,849] multiqc                                            [DEBUG  ]  Running Python 3.11.7 | packaged by conda-forge | (main, Dec 23 2023, 14:43:09) [GCC 12.3.0]
[2024-02-13 09:35:43,849] multiqc                                            [INFO   ]  Prepending directory to sample names
[2024-02-13 09:35:43,850] multiqc                                            [DEBUG  ]  Analysing modules: custom_content, ccs, ngsderive, purple, conpair, lima, peddy, somalier, methylQA, mosdepth, phantompeakqualtools, qualimap, preseq, hifiasm, quast, qorts, rna_seqc, rockhopper, rsem, rseqc, busco, bustools, goleft_indexcov, gffcompare, disambiguate, supernova, deeptools, sargasso, verifybamid, mirtrace, happy, mirtop, sambamba, gopeaks, homer, hops, macs2, theta2, snpeff, gatk, htseq, bcftools, featureCounts, fgbio, dragen, dragen_fastqc, dedup, pbmarkdup, damageprofiler, mapdamage, biobambam2, jcvi, mtnucratio, picard, vep, bakta, prokka, qc3C, nanostat, samblaster, samtools, sexdeterrmine, seqera_cli, eigenstratdatabasetools, bamtools, jellyfish, vcftools, longranger, stacks, varscan2, snippy, umitools, truvari, bbmap, bismark, biscuit, diamond, hicexplorer, hicup, hicpro, salmon, kallisto, slamdunk, star, hisat2, tophat, bowtie2, bowtie1, cellranger, snpsplit, odgi, pangolin, nextclade, freyja, humid, kat, leehom, librarian, adapterRemoval, bbduk, clipandmerge, cutadapt, flexbar, sourmash, kaiju, bracken, kraken, malt, motus, trimmomatic, sickle, skewer, sortmerna, biobloomtools, fastq_screen, afterqc, fastp, fastqc, filtlong, prinseqplusplus, pychopper, porechop, pycoqc, minionqc, anglerfish, multivcfanalyzer, clusterflow, checkqc, bcl2fastq, bclconvert, interop, ivar, flash, seqyclean, optitype, whatshap, xenome, xengsort
[2024-02-13 09:35:43,851] multiqc                                            [DEBUG  ]  Using temporary directory for creating report: /tmp/tmpokhwykhn
[2024-02-13 09:35:43,858] multiqc                                            [INFO   ]  Search path : /mnt/c/Users/deeks/OneDrive/Desktop/lab_dataset
[2024-02-13 09:35:46,766] multiqc                                            [DEBUG  ]  Summary of files that were skipped by the search: [skipped_file_contents_search_errors: 801] // [skipped_module_specific_max_filesize: 404] // [skipped_no_match: 50] // [skipped_ignore_pattern: 9] // [skipped_filesize_limit: 2]
[2024-02-13 09:35:47,081] multiqc.plots.bargraph                             [DEBUG  ]  Using matplotlib version 3.8.2
[2024-02-13 09:35:47,083] multiqc.plots.linegraph                            [DEBUG  ]  Using matplotlib version 3.8.2
[2024-02-13 09:35:47,083] multiqc                                            [DEBUG  ]  No samples found: custom_content
[2024-02-13 09:35:47,110] multiqc.modules.kallisto.kallisto                  [INFO   ]  Found 9 reports
[2024-02-13 09:35:47,160] multiqc.modules.fastqc.fastqc                      [INFO   ]  Found 9 reports
[2024-02-13 09:35:47,187] multiqc.utils.software_versions                    [DEBUG  ]  Reading software versions from config.software_versions
[2024-02-13 09:35:47,195] multiqc                                            [DEBUG  ]  Compressing plot data
[2024-02-13 09:35:47,249] multiqc                                            [INFO   ]  Report      : multiqc_report.html
[2024-02-13 09:35:47,249] multiqc                                            [INFO   ]  Data        : multiqc_data
[2024-02-13 09:35:47,249] multiqc                                            [DEBUG  ]  Moving data file from '/tmp/tmpokhwykhn/multiqc_data' to '/mnt/c/Users/deeks/OneDrive/Desktop/lab_dataset/multiqc_data'
[2024-02-13 09:35:47,330] multiqc                                            [DEBUG  ]  Full report path: /mnt/c/Users/deeks/OneDrive/Desktop/lab_dataset/multiqc_report.html
[2024-02-13 09:35:47,398] multiqc                                            [INFO   ]  MultiQC complete
